<?xml version="1.0" encoding="UTF-8"?>
<!-- Generated by org.testng.reporters.JUnitXMLReporter -->
<testsuite hostname="DESKTOP-SGOLO4O" ignored="0" name="EdgeTest" tests="2" failures="0" timestamp="2022-01-31T13:14:25 IST" time="198.677" errors="0">
  <testcase name="Test_Scenario1" time="12.061" classname="Selenium.LambdaTest.Lambda_Automation_Selenium"/>
  <testcase name="Test_Scenario3" time="34.432" classname="Selenium.LambdaTest.Lambda_Automation_Selenium"/>
</testsuite> <!-- EdgeTest -->
