<?xml version="1.0" encoding="UTF-8"?>
<!-- Generated by org.testng.reporters.JUnitXMLReporter -->
<testsuite hostname="DESKTOP-SGOLO4O" ignored="0" name="Internet Explorer" tests="2" failures="0" timestamp="2022-01-31T13:15:24 IST" time="217.871" errors="0">
  <testcase name="Test_Scenario1" time="12.743" classname="Selenium.LambdaTest.Lambda_Automation_Selenium"/>
  <testcase name="Test_Scenario3" time="37.896" classname="Selenium.LambdaTest.Lambda_Automation_Selenium"/>
</testsuite> <!-- Internet Explorer -->
